<?xml version="1.0" encoding="UTF-8"?>
<!-- Generated by org.testng.reporters.JUnitReportReporter -->
<testsuite hostname="LAPTOP-3AI9QJI2" failures="0" tests="1" name="crudOperationWithBDD.PutUpdateParticularDataTest" time="1.962" errors="0" timestamp="2 Sep 2022 10:23:46 GMT">
  <testcase classname="crudOperationWithBDD.PutUpdateParticularDataTest" name="updateProject" time="1.962"/>
</testsuite> <!-- crudOperationWithBDD.PutUpdateParticularDataTest -->
