<?xml version="1.0" encoding="UTF-8"?>
<!-- Generated by org.testng.reporters.JUnitReportReporter -->
<testsuite hostname="LAPTOP-3AI9QJI2" failures="0" tests="1" name="reqRes.In.GetSingleUserNotFound" time="3.480" errors="0" timestamp="5 Sep 2022 05:59:59 GMT">
  <testcase classname="reqRes.In.GetSingleUserNotFound" name="singleUserNotFound" time="3.480"/>
</testsuite> <!-- reqRes.In.GetSingleUserNotFound -->
