<?xml version="1.0" encoding="UTF-8"?>
<!-- Generated by org.testng.reporters.JUnitReportReporter -->
<testsuite hostname="LAPTOP-3AI9QJI2" failures="0" tests="1" name="reqRes.In.DeleteUser" time="3.062" errors="0" timestamp="5 Sep 2022 05:46:19 GMT">
  <testcase classname="reqRes.In.DeleteUser" name="deleteUser" time="3.062"/>
</testsuite> <!-- reqRes.In.DeleteUser -->
