<?xml version="1.0" encoding="UTF-8"?>
<!-- Generated by org.testng.reporters.JUnitReportReporter -->
<testsuite hostname="LAPTOP-3AI9QJI2" failures="0" tests="5" name="crudOperationUsingDataDrivenTesting.PostCreateProjectUsingExcelTest" time="1.663" errors="0" timestamp="5 Sep 2022 04:09:51 GMT">
  <testcase classname="crudOperationUsingDataDrivenTesting.PostCreateProjectUsingExcelTest" name="createProjec" time="0.034"/>
  <testcase classname="crudOperationUsingDataDrivenTesting.PostCreateProjectUsingExcelTest" name="createProjec" time="0.033"/>
  <testcase classname="crudOperationUsingDataDrivenTesting.PostCreateProjectUsingExcelTest" name="createProjec" time="0.034"/>
  <testcase classname="crudOperationUsingDataDrivenTesting.PostCreateProjectUsingExcelTest" name="createProjec" time="0.037"/>
  <testcase classname="crudOperationUsingDataDrivenTesting.PostCreateProjectUsingExcelTest" name="createProjec" time="1.525"/>
</testsuite> <!-- crudOperationUsingDataDrivenTesting.PostCreateProjectUsingExcelTest -->
