<?xml version="1.0" encoding="UTF-8"?>
<!-- Generated by org.testng.reporters.JUnitReportReporter -->
<testsuite hostname="LAPTOP-3AI9QJI2" failures="0" tests="1" name="crudOperationUsingGenericLib.PostCreateProject" time="2.007" errors="0" timestamp="2022-09-07T13:23:42 IST" skipped="0">
  <testcase classname="crudOperationUsingGenericLib.PostCreateProject" name="createProject" time="2.007"/>
  <system-out>
    <![CDATA[<=====DataBase Verification Starts=====>]]>
  </system-out>
</testsuite> <!-- crudOperationUsingGenericLib.PostCreateProject -->
