<?xml version="1.0" encoding="UTF-8"?>
<!-- Generated by org.testng.reporters.JUnitReportReporter -->
<testsuite hostname="LAPTOP-3AI9QJI2" failures="0" tests="1" name="crudOperationWithoutBDD.ChangingProjectDetailsTest" time="1.746" errors="0" timestamp="1 Sep 2022 12:20:10 GMT">
  <testcase classname="crudOperationWithoutBDD.ChangingProjectDetailsTest" name="changingProjectDetail" time="1.746"/>
</testsuite> <!-- crudOperationWithoutBDD.ChangingProjectDetailsTest -->
