<?xml version="1.0" encoding="UTF-8"?>
<!-- Generated by org.testng.reporters.JUnitReportReporter -->
<testsuite hostname="LAPTOP-3AI9QJI2" failures="0" tests="1" name="requestChaining.RCPostGet" time="2.300" errors="0" timestamp="5 Sep 2022 11:43:54 GMT">
  <testcase classname="requestChaining.RCPostGet" name="rcPostAndGet" time="2.300"/>
</testsuite> <!-- requestChaining.RCPostGet -->
