<?xml version="1.0" encoding="UTF-8"?>
<!-- Generated by org.testng.reporters.JUnitReportReporter -->
<testsuite hostname="LAPTOP-3AI9QJI2" failures="0" tests="3" name="authentication.BasicAuth" time="2.088" errors="0" timestamp="6 Sep 2022 07:06:29 GMT">
  <testcase classname="authentication.BasicAuth" name="basicAuth" time="1.669"/>
  <testcase classname="authentication.BasicAuth" name="preemptiveAuth" time="0.213"/>
  <testcase classname="authentication.BasicAuth" name="digestiveAuth" time="0.206"/>
</testsuite> <!-- authentication.BasicAuth -->
