<?xml version="1.0" encoding="UTF-8"?>
<!-- Generated by org.testng.reporters.JUnitReportReporter -->
<testsuite hostname="LAPTOP-3AI9QJI2" failures="0" tests="1" name="crudOperationWithoutBDD.DeleteParticularProjectTest" time="1.466" errors="0" timestamp="1 Sep 2022 12:11:47 GMT">
  <testcase classname="crudOperationWithoutBDD.DeleteParticularProjectTest" name="deleteParticularProject" time="1.466"/>
</testsuite> <!-- crudOperationWithoutBDD.DeleteParticularProjectTest -->
