<?xml version="1.0" encoding="UTF-8"?>
<!-- Generated by org.testng.reporters.JUnitReportReporter -->
<testsuite hostname="LAPTOP-3AI9QJI2" failures="0" tests="1" name="authentication.Auth2" time="3.214" errors="0" timestamp="6 Sep 2022 09:57:48 GMT">
  <testcase classname="authentication.Auth2" name="auth2" time="3.214"/>
</testsuite> <!-- authentication.Auth2 -->
