<?xml version="1.0" encoding="UTF-8"?>
<!-- Generated by org.testng.reporters.JUnitReportReporter -->
<testsuite hostname="LAPTOP-3AI9QJI2" failures="0" tests="1" name="crudOperationSeperateObject.PostCreateProject" time="2.159" errors="0" timestamp="3 Sep 2022 04:14:53 GMT">
  <testcase classname="crudOperationSeperateObject.PostCreateProject" name="createProject" time="2.159"/>
</testsuite> <!-- crudOperationSeperateObject.PostCreateProject -->
