<?xml version="1.0" encoding="UTF-8"?>
<!-- Generated by org.testng.reporters.JUnitReportReporter -->
<testsuite hostname="LAPTOP-3AI9QJI2" failures="0" tests="1" name="assignment.DeletePurchaseOrderByID" time="4.674" errors="0" timestamp="6 Sep 2022 11:59:38 GMT">
  <testcase classname="assignment.DeletePurchaseOrderByID" name="deletePurchaseOrder" time="4.674"/>
</testsuite> <!-- assignment.DeletePurchaseOrderByID -->
