<?xml version="1.0" encoding="UTF-8"?>
<!-- Generated by org.testng.reporters.JUnitReportReporter -->
<testsuite hostname="LAPTOP-3AI9QJI2" failures="0" tests="1" name="pathParameter.GetProject" time="1.389" errors="0" timestamp="6 Sep 2022 06:29:18 GMT">
  <testcase classname="pathParameter.GetProject" name="fetchProject" time="1.389"/>
</testsuite> <!-- pathParameter.GetProject -->
