<?xml version="1.0" encoding="UTF-8"?>
<!-- Generated by org.testng.reporters.JUnitReportReporter -->
<testsuite hostname="LAPTOP-3AI9QJI2" failures="0" tests="1" name="pathParameter.PutProject" time="2.058" errors="0" timestamp="6 Sep 2022 06:35:32 GMT">
  <testcase classname="pathParameter.PutProject" name="updateProject" time="2.058"/>
</testsuite> <!-- pathParameter.PutProject -->
