<?xml version="1.0" encoding="UTF-8"?>
<!-- Generated by org.testng.reporters.JUnitReportReporter -->
<testsuite hostname="LAPTOP-3AI9QJI2" failures="0" tests="1" name="staticResponseAndDynamicResponse.StaticResponse" time="2.151" errors="0" timestamp="5 Sep 2022 07:29:28 GMT">
  <testcase classname="staticResponseAndDynamicResponse.StaticResponse" name="staticResp" time="2.151"/>
</testsuite> <!-- staticResponseAndDynamicResponse.StaticResponse -->
