<?xml version="1.0" encoding="UTF-8"?>
<!-- Generated by org.testng.reporters.JUnitReportReporter -->
<testsuite hostname="LAPTOP-3AI9QJI2" failures="0" tests="1" name="crudOperationWithoutBDD.GetParticularProjectTest" time="1.317" errors="0" timestamp="1 Sep 2022 11:57:08 GMT">
  <testcase classname="crudOperationWithoutBDD.GetParticularProjectTest" name="getParticularProject" time="1.317"/>
</testsuite> <!-- crudOperationWithoutBDD.GetParticularProjectTest -->
