<?xml version="1.0" encoding="UTF-8"?>
<!-- Generated by org.testng.reporters.JUnitReportReporter -->
<testsuite hostname="LAPTOP-3AI9QJI2" failures="0" tests="1" name="authentication.RetrivesUser" time="4.417" errors="0" timestamp="6 Sep 2022 10:22:43 GMT">
  <testcase classname="authentication.RetrivesUser" name="retrivesUser" time="4.417"/>
</testsuite> <!-- authentication.RetrivesUser -->
