<?xml version="1.0" encoding="UTF-8"?>
<!-- Generated by org.testng.reporters.JUnitReportReporter -->
<testsuite hostname="LAPTOP-3AI9QJI2" failures="0" tests="1" name="crudOperationWithBDD.GetAllProjectDetailsTest" time="1.695" errors="0" timestamp="5 Sep 2022 07:21:07 GMT">
  <testcase classname="crudOperationWithBDD.GetAllProjectDetailsTest" name="getAllProject" time="1.695"/>
</testsuite> <!-- crudOperationWithBDD.GetAllProjectDetailsTest -->
