<?xml version="1.0" encoding="UTF-8"?>
<!-- Generated by org.testng.reporters.JUnitReportReporter -->
<testsuite hostname="LAPTOP-3AI9QJI2" failures="0" tests="1" name="dummyTesting.SampleProjectTest" time="1.464" errors="0" timestamp="01 Sep 2022 06:43:41 GMT" skipped="0">
  <testcase classname="dummyTesting.SampleProjectTest" name="getProject" time="1.464"/>
</testsuite> <!-- dummyTesting.SampleProjectTest -->
