<?xml version="1.0" encoding="UTF-8"?>
<!-- Generated by org.testng.reporters.JUnitReportReporter -->
<testsuite hostname="LAPTOP-3AI9QJI2" failures="0" tests="1" name="end2End.LoginToAppTest" time="0.469" errors="0" timestamp="2022-09-07T16:11:19 IST" skipped="0">
  <testcase classname="end2End.LoginToAppTest" name="login" time="0.469"/>
  <system-out/>
</testsuite> <!-- end2End.LoginToAppTest -->
