<?xml version="1.0" encoding="UTF-8"?>
<!-- Generated by org.testng.reporters.JUnitReportReporter -->
<testsuite hostname="LAPTOP-3AI9QJI2" failures="0" tests="1" name="requestChaining.AllInOne" time="14.580" errors="0" timestamp="6 Sep 2022 04:42:54 GMT">
  <testcase classname="requestChaining.AllInOne" name="allInOne" time="14.580"/>
</testsuite> <!-- requestChaining.AllInOne -->
