<?xml version="1.0" encoding="UTF-8"?>
<!-- Generated by org.testng.reporters.JUnitReportReporter -->
<testsuite hostname="LAPTOP-3AI9QJI2" failures="0" tests="1" name="crudOperationUsingHashmap.GetParticularProjecttest" time="1.339" errors="0" timestamp="3 Sep 2022 05:23:35 GMT">
  <testcase classname="crudOperationUsingHashmap.GetParticularProjecttest" name="particularProject" time="1.339"/>
</testsuite> <!-- crudOperationUsingHashmap.GetParticularProjecttest -->
