<?xml version="1.0" encoding="UTF-8"?>
<!-- Generated by org.testng.reporters.JUnitReportReporter -->
<testsuite hostname="LAPTOP-3AI9QJI2" failures="0" tests="1" name="assignment.PlaceAnOrderForAPet" time="4.333" errors="0" timestamp="6 Sep 2022 11:22:33 GMT">
  <testcase classname="assignment.PlaceAnOrderForAPet" name="placeOrder" time="4.333"/>
</testsuite> <!-- assignment.PlaceAnOrderForAPet -->
