<?xml version="1.0" encoding="UTF-8"?>
<!-- Generated by org.testng.reporters.JUnitReportReporter -->
<testsuite hostname="LAPTOP-3AI9QJI2" failures="0" tests="1" name="crudOperationWithBDD.GetParticularProjectDetailsTest" time="2.028" errors="0" timestamp="5 Sep 2022 09:38:11 GMT">
  <testcase classname="crudOperationWithBDD.GetParticularProjectDetailsTest" name="getParticularProject" time="2.028"/>
</testsuite> <!-- crudOperationWithBDD.GetParticularProjectDetailsTest -->
