<?xml version="1.0" encoding="UTF-8"?>
<!-- Generated by org.testng.reporters.JUnitReportReporter -->
<testsuite hostname="LAPTOP-3AI9QJI2" failures="0" tests="5" name="assignment.PostPlaceOrderForPet" time="13.192" errors="0" timestamp="6 Sep 2022 12:24:19 GMT">
  <testcase classname="assignment.PostPlaceOrderForPet" name="placeOrder" time="2.462"/>
  <testcase classname="assignment.PostPlaceOrderForPet" name="placeOrder" time="2.432"/>
  <testcase classname="assignment.PostPlaceOrderForPet" name="placeOrder" time="2.229"/>
  <testcase classname="assignment.PostPlaceOrderForPet" name="placeOrder" time="3.677"/>
  <testcase classname="assignment.PostPlaceOrderForPet" name="placeOrder" time="2.392"/>
</testsuite> <!-- assignment.PostPlaceOrderForPet -->
