<?xml version="1.0" encoding="UTF-8"?>
<!-- Generated by org.testng.reporters.JUnitReportReporter -->
<testsuite hostname="LAPTOP-3AI9QJI2" failures="0" tests="1" name="reqRes.In.GetAllUser" time="3.101" errors="0" timestamp="5 Sep 2022 05:24:17 GMT">
  <testcase classname="reqRes.In.GetAllUser" name="getAllUser" time="3.101"/>
</testsuite> <!-- reqRes.In.GetAllUser -->
