<?xml version="1.0" encoding="UTF-8"?>
<!-- Generated by org.testng.reporters.JUnitReportReporter -->
<testsuite hostname="LAPTOP-3AI9QJI2" failures="0" tests="1" name="crudOperationUsingHashmap.GetAllProjectDetails" time="1.393" errors="0" timestamp="3 Sep 2022 05:17:15 GMT">
  <testcase classname="crudOperationUsingHashmap.GetAllProjectDetails" name="allProjects" time="1.393"/>
</testsuite> <!-- crudOperationUsingHashmap.GetAllProjectDetails -->
