<?xml version="1.0" encoding="UTF-8"?>
<!-- Generated by org.testng.reporters.JUnitReportReporter -->
<testsuite hostname="LAPTOP-3AI9QJI2" failures="0" tests="1" name="crudOperationUsingGenericLib.DeleteProject" time="2.438" errors="0" timestamp="2022-09-07T15:01:47 IST" skipped="0">
  <testcase classname="crudOperationUsingGenericLib.DeleteProject" name="creatingAndDeletingProject" time="2.438"/>
  <system-out>
    <![CDATA[Project Created Sucessfully
Project deleted sucessfullt]]>
  </system-out>
</testsuite> <!-- crudOperationUsingGenericLib.DeleteProject -->
