<?xml version="1.0" encoding="UTF-8"?>
<!-- Generated by org.testng.reporters.JUnitReportReporter -->
<testsuite hostname="LAPTOP-3AI9QJI2" failures="0" tests="1" name="crudOperationWithBDD.DeleteParticularProjectTest" time="1.320" errors="0" timestamp="2 Sep 2022 10:41:31 GMT">
  <testcase classname="crudOperationWithBDD.DeleteParticularProjectTest" name="deleteProject" time="1.320"/>
</testsuite> <!-- crudOperationWithBDD.DeleteParticularProjectTest -->
