<?xml version="1.0" encoding="UTF-8"?>
<!-- Generated by org.testng.reporters.JUnitReportReporter -->
<testsuite hostname="LAPTOP-3AI9QJI2" failures="0" tests="1" name="staticResponseAndDynamicResponse.DynamicResponse" time="2.043" errors="0" timestamp="5 Sep 2022 07:44:06 GMT">
  <testcase classname="staticResponseAndDynamicResponse.DynamicResponse" name="dynamicResp" time="2.043"/>
</testsuite> <!-- staticResponseAndDynamicResponse.DynamicResponse -->
