<?xml version="1.0" encoding="UTF-8"?>
<!-- Generated by org.testng.reporters.JUnitReportReporter -->
<testsuite hostname="LAPTOP-3AI9QJI2" failures="0" tests="1" name="crudOperationUsingPojoclass.PostAddProjectTest" time="2.252" errors="0" timestamp="2 Sep 2022 11:45:44 GMT">
  <testcase classname="crudOperationUsingPojoclass.PostAddProjectTest" name="addProject" time="2.252"/>
</testsuite> <!-- crudOperationUsingPojoclass.PostAddProjectTest -->
