<?xml version="1.0" encoding="UTF-8"?>
<!-- Generated by org.testng.reporters.JUnitReportReporter -->
<testsuite hostname="LAPTOP-3AI9QJI2" failures="0" tests="1" name="requestChaining.RCPostPut" time="2.381" errors="0" timestamp="5 Sep 2022 11:42:54 GMT">
  <testcase classname="requestChaining.RCPostPut" name="rcPostAndPut" time="2.381"/>
</testsuite> <!-- requestChaining.RCPostPut -->
