<?xml version="1.0" encoding="UTF-8"?>
<!-- Generated by org.testng.reporters.JUnitReportReporter -->
<testsuite hostname="LAPTOP-3AI9QJI2" failures="0" tests="1" name="crudOperationWithBDD.PostAddProjectTest" time="1.772" errors="0" timestamp="2 Sep 2022 10:41:44 GMT">
  <testcase classname="crudOperationWithBDD.PostAddProjectTest" name="addProject" time="1.772"/>
</testsuite> <!-- crudOperationWithBDD.PostAddProjectTest -->
