<?xml version="1.0" encoding="UTF-8"?>
<!-- Generated by org.testng.reporters.JUnitReportReporter -->
<testsuite hostname="LAPTOP-3AI9QJI2" failures="0" tests="1" name="end2End.End2EndScenario" time="13.770" errors="0" timestamp="2022-09-07T17:11:04 IST" skipped="0">
  <testcase classname="end2End.End2EndScenario" name="end2ENd" time="13.770"/>
  <system-out>
    <![CDATA[Project is CREATED in API
<====Project is present in GUI====>
Total no of projects checked = 139
Database verification starts
Data deleted from API
<====Project is deleted, Not Present in GUI====>
Total no of projects checked = 139
Database verification starts]]>
  </system-out>
</testsuite> <!-- end2End.End2EndScenario -->
