<?xml version="1.0" encoding="UTF-8"?>
<!-- Generated by org.testng.reporters.JUnitReportReporter -->
<testsuite hostname="LAPTOP-3AI9QJI2" failures="0" tests="1" name="reqRes.In.GetParticularUser" time="2.832" errors="0" timestamp="5 Sep 2022 05:28:29 GMT">
  <testcase classname="reqRes.In.GetParticularUser" name="getSingleUser" time="2.832"/>
</testsuite> <!-- reqRes.In.GetParticularUser -->
