<?xml version="1.0" encoding="UTF-8"?>
<!-- Generated by org.testng.reporters.JUnitReportReporter -->
<testsuite hostname="LAPTOP-3AI9QJI2" failures="0" tests="1" name="crudOperationUsingJsonFIle.PostCreateProject" time="1.506" errors="0" timestamp="3 Sep 2022 06:27:51 GMT">
  <testcase classname="crudOperationUsingJsonFIle.PostCreateProject" name="createProject" time="1.506"/>
</testsuite> <!-- crudOperationUsingJsonFIle.PostCreateProject -->
