<?xml version="1.0" encoding="UTF-8"?>
<!-- Generated by org.testng.reporters.JUnitReportReporter -->
<testsuite hostname="LAPTOP-3AI9QJI2" failures="0" tests="1" name="queryParameter.GetUsers" time="1.916" errors="0" timestamp="6 Sep 2022 06:40:22 GMT">
  <testcase classname="queryParameter.GetUsers" name="getUser" time="1.916"/>
</testsuite> <!-- queryParameter.GetUsers -->
