<?xml version="1.0" encoding="UTF-8"?>
<!-- Generated by org.testng.reporters.JUnitReportReporter -->
<testsuite hostname="LAPTOP-3AI9QJI2" failures="0" tests="1" name="reqRes.In.PostLoginSucessfull" time="3.286" errors="0" timestamp="5 Sep 2022 06:09:59 GMT">
  <testcase classname="reqRes.In.PostLoginSucessfull" name="loginSucessfull" time="3.286"/>
</testsuite> <!-- reqRes.In.PostLoginSucessfull -->
