<?xml version="1.0" encoding="UTF-8"?>
<!-- Generated by org.testng.reporters.JUnitReportReporter -->
<testsuite hostname="LAPTOP-3AI9QJI2" failures="0" tests="1" name="reqRes.In.LoginUnsucessfull" time="4.415" errors="0" timestamp="5 Sep 2022 05:54:22 GMT">
  <testcase classname="reqRes.In.LoginUnsucessfull" name="loginUnsucessfull" time="4.415"/>
</testsuite> <!-- reqRes.In.LoginUnsucessfull -->
