<?xml version="1.0" encoding="UTF-8"?>
<!-- Generated by org.testng.reporters.JUnitReportReporter -->
<testsuite hostname="LAPTOP-3AI9QJI2" failures="0" tests="1" name="authentication.BearerTockenTest" time="3.516" errors="0" timestamp="6 Sep 2022 07:23:09 GMT">
  <testcase classname="authentication.BearerTockenTest" name="bearerTocken" time="3.516"/>
</testsuite> <!-- authentication.BearerTockenTest -->
