<?xml version="1.0" encoding="UTF-8"?>
<!-- Generated by org.testng.reporters.JUnitReportReporter -->
<testsuite hostname="LAPTOP-3AI9QJI2" failures="0" tests="1" name="requestChaining.RequestChaining" time="2.287" errors="0" timestamp="5 Sep 2022 10:50:54 GMT">
  <testcase classname="requestChaining.RequestChaining" name="requestChaining" time="2.287"/>
</testsuite> <!-- requestChaining.RequestChaining -->
