<?xml version="1.0" encoding="UTF-8"?>
<!-- Generated by org.testng.reporters.JUnitReportReporter -->
<testsuite hostname="LAPTOP-3AI9QJI2" failures="0" tests="1" name="crudOperationWithoutBDD.GetAllProjectsTest" time="1.438" errors="0" timestamp="1 Sep 2022 11:56:05 GMT">
  <testcase classname="crudOperationWithoutBDD.GetAllProjectsTest" name="getAllProject" time="1.438"/>
</testsuite> <!-- crudOperationWithoutBDD.GetAllProjectsTest -->
