<?xml version="1.0" encoding="UTF-8"?>
<!-- Generated by org.testng.reporters.JUnitReportReporter -->
<testsuite hostname="LAPTOP-3AI9QJI2" failures="0" tests="1" name="assignment.ReturnsPetInventories" time="4.068" errors="0" timestamp="6 Sep 2022 11:51:41 GMT">
  <testcase classname="assignment.ReturnsPetInventories" name="returnsPetInv" time="4.068"/>
</testsuite> <!-- assignment.ReturnsPetInventories -->
