<?xml version="1.0" encoding="UTF-8"?>
<!-- Generated by org.testng.reporters.JUnitReportReporter -->
<testsuite hostname="LAPTOP-3AI9QJI2" failures="0" tests="1" name="crudOperationUsingHashmap.PostCreateProject" time="1.778" errors="0" timestamp="3 Sep 2022 05:12:08 GMT">
  <testcase classname="crudOperationUsingHashmap.PostCreateProject" name="createProject" time="1.778"/>
</testsuite> <!-- crudOperationUsingHashmap.PostCreateProject -->
