<?xml version="1.0" encoding="UTF-8"?>
<!-- Generated by org.testng.reporters.JUnitReportReporter -->
<testsuite hostname="LAPTOP-3AI9QJI2" failures="0" tests="1" name="requestChaining.RCPostDelete" time="2.403" errors="0" timestamp="5 Sep 2022 11:47:11 GMT">
  <testcase classname="requestChaining.RCPostDelete" name="rcPostAndDelete" time="2.403"/>
</testsuite> <!-- requestChaining.RCPostDelete -->
