<?xml version="1.0" encoding="UTF-8"?>
<!-- Generated by org.testng.reporters.JUnitReportReporter -->
<testsuite hostname="LAPTOP-3AI9QJI2" failures="0" tests="1" name="assignment.FindPurchaseOrderById" time="5.282" errors="0" timestamp="6 Sep 2022 11:46:33 GMT">
  <testcase classname="assignment.FindPurchaseOrderById" name="findPurchaseOrder" time="5.282"/>
</testsuite> <!-- assignment.FindPurchaseOrderById -->
