<?xml version="1.0" encoding="UTF-8"?>
<!-- Generated by org.testng.reporters.JUnitReportReporter -->
<testsuite hostname="LAPTOP-3AI9QJI2" failures="0" tests="1" name="crudOperationWithoutBDD.AddProjectTest" time="1.851" errors="0" timestamp="1 Sep 2022 12:19:34 GMT">
  <testcase classname="crudOperationWithoutBDD.AddProjectTest" name="create" time="1.851"/>
</testsuite> <!-- crudOperationWithoutBDD.AddProjectTest -->
