<?xml version="1.0" encoding="UTF-8"?>
<!-- Generated by org.testng.reporters.JUnitReportReporter -->
<testsuite hostname="LAPTOP-3AI9QJI2" failures="0" tests="2" name="crudOperationUsingDataDrivenTesting.PostCreateNewProjectTest" time="2.113" errors="0" timestamp="3 Sep 2022 07:20:12 GMT">
  <testcase classname="crudOperationUsingDataDrivenTesting.PostCreateNewProjectTest" name="createProjectUsingDataDriven" time="0.074"/>
  <testcase classname="crudOperationUsingDataDrivenTesting.PostCreateNewProjectTest" name="createProjectUsingDataDriven" time="2.039"/>
</testsuite> <!-- crudOperationUsingDataDrivenTesting.PostCreateNewProjectTest -->
