<?xml version="1.0" encoding="UTF-8"?>
<!-- Generated by org.testng.reporters.JUnitReportReporter -->
<testsuite hostname="LAPTOP-3AI9QJI2" failures="0" tests="1" name="reqRes.In.PutupdateUserCompletly" time="3.200" errors="0" timestamp="5 Sep 2022 05:42:11 GMT">
  <testcase classname="reqRes.In.PutupdateUserCompletly" name="updateUser" time="3.200"/>
</testsuite> <!-- reqRes.In.PutupdateUserCompletly -->
